Determining if the pthread_create exist failed with the following output:
Change Dir: /media/psf/Home/Documents/ESIEA/Info_Projects/PROJET_C_ESIEA_1A/bonus/build/CMakeFiles/CMakeTmp

Run Build Command:"/usr/bin/gmake" "cmTC_4e55a/fast"
gmake: Warning: File 'Makefile' has modification time 83130 s in the future
/usr/bin/gmake -f CMakeFiles/cmTC_4e55a.dir/build.make CMakeFiles/cmTC_4e55a.dir/build
gmake[1]: Entering directory '/media/psf/Home/Documents/ESIEA/Info_Projects/PROJET_C_ESIEA_1A/bonus/build/CMakeFiles/CMakeTmp'
gmake[1]: Warning: File 'CMakeFiles/cmTC_4e55a.dir/flags.make' has modification time 83130 s in the future
Building C object CMakeFiles/cmTC_4e55a.dir/CheckSymbolExists.c.o
/usr/bin/cc    -o CMakeFiles/cmTC_4e55a.dir/CheckSymbolExists.c.o   -c /media/psf/Home/Documents/ESIEA/Info_Projects/PROJET_C_ESIEA_1A/bonus/build/CMakeFiles/CMakeTmp/CheckSymbolExists.c
Linking C executable cmTC_4e55a
/usr/bin/cmake -E cmake_link_script CMakeFiles/cmTC_4e55a.dir/link.txt --verbose=1
/usr/bin/cc      -rdynamic CMakeFiles/cmTC_4e55a.dir/CheckSymbolExists.c.o  -o cmTC_4e55a 
CMakeFiles/cmTC_4e55a.dir/CheckSymbolExists.c.o: In function `main':
CheckSymbolExists.c:(.text+0x16): undefined reference to `pthread_create'
collect2: error: ld returned 1 exit status
gmake[1]: *** [CMakeFiles/cmTC_4e55a.dir/build.make:87: cmTC_4e55a] Error 1
gmake[1]: Leaving directory '/media/psf/Home/Documents/ESIEA/Info_Projects/PROJET_C_ESIEA_1A/bonus/build/CMakeFiles/CMakeTmp'
gmake: *** [Makefile:126: cmTC_4e55a/fast] Error 2

File /media/psf/Home/Documents/ESIEA/Info_Projects/PROJET_C_ESIEA_1A/bonus/build/CMakeFiles/CMakeTmp/CheckSymbolExists.c:
/* */
#include <pthread.h>

int main(int argc, char** argv)
{
  (void)argv;
#ifndef pthread_create
  return ((int*)(&pthread_create))[argc];
#else
  (void)argc;
  return 0;
#endif
}

Determining if the function pthread_create exists in the pthreads failed with the following output:
Change Dir: /media/psf/Home/Documents/ESIEA/Info_Projects/PROJET_C_ESIEA_1A/bonus/build/CMakeFiles/CMakeTmp

Run Build Command:"/usr/bin/gmake" "cmTC_903f6/fast"
gmake: Warning: File 'Makefile' has modification time 83130 s in the future
/usr/bin/gmake -f CMakeFiles/cmTC_903f6.dir/build.make CMakeFiles/cmTC_903f6.dir/build
gmake[1]: Entering directory '/media/psf/Home/Documents/ESIEA/Info_Projects/PROJET_C_ESIEA_1A/bonus/build/CMakeFiles/CMakeTmp'
gmake[1]: Warning: File 'CMakeFiles/cmTC_903f6.dir/flags.make' has modification time 83130 s in the future
Building C object CMakeFiles/cmTC_903f6.dir/CheckFunctionExists.c.o
/usr/bin/cc   -DCHECK_FUNCTION_EXISTS=pthread_create   -o CMakeFiles/cmTC_903f6.dir/CheckFunctionExists.c.o   -c /usr/share/cmake/Modules/CheckFunctionExists.c
Linking C executable cmTC_903f6
/usr/bin/cmake -E cmake_link_script CMakeFiles/cmTC_903f6.dir/link.txt --verbose=1
/usr/bin/cc  -DCHECK_FUNCTION_EXISTS=pthread_create    -rdynamic CMakeFiles/cmTC_903f6.dir/CheckFunctionExists.c.o  -o cmTC_903f6 -lpthreads 
/usr/bin/ld: cannot find -lpthreads
collect2: error: ld returned 1 exit status
gmake[1]: *** [CMakeFiles/cmTC_903f6.dir/build.make:87: cmTC_903f6] Error 1
gmake[1]: Leaving directory '/media/psf/Home/Documents/ESIEA/Info_Projects/PROJET_C_ESIEA_1A/bonus/build/CMakeFiles/CMakeTmp'
gmake: *** [Makefile:126: cmTC_903f6/fast] Error 2


